2019-05-05T20:19:50.928Z [31merror[39m: uncaughtException: server is not defined
ReferenceError: server is not defined
    at Object.<anonymous> (c:\Users\Dachely\Desktop\Escuela\Proyecto\do-your-list\index.js:50:18)
    at Module._compile (internal/modules/cjs/loader.js:689:30)
    at Object.Module._extensions..js (internal/modules/cjs/loader.js:700:10)
    at Module.load (internal/modules/cjs/loader.js:599:32)
    at tryModuleLoad (internal/modules/cjs/loader.js:538:12)
    at Function.Module._load (internal/modules/cjs/loader.js:530:3)
    at Function.Module.runMain (internal/modules/cjs/loader.js:742:12)
    at startup (internal/bootstrap/node.js:283:19)
    at bootstrapNodeJSCore (internal/bootstrap/node.js:743:3)
2019-05-05T20:23:11.718Z [31merror[39m: uncaughtException: server is not defined
ReferenceError: server is not defined
    at Object.<anonymous> (c:\Users\Dachely\Desktop\Escuela\Proyecto\do-your-list\index.js:50:18)
    at Module._compile (internal/modules/cjs/loader.js:689:30)
    at Object.Module._extensions..js (internal/modules/cjs/loader.js:700:10)
    at Module.load (internal/modules/cjs/loader.js:599:32)
    at tryModuleLoad (internal/modules/cjs/loader.js:538:12)
    at Function.Module._load (internal/modules/cjs/loader.js:530:3)
    at Function.Module.runMain (internal/modules/cjs/loader.js:742:12)
    at startup (internal/bootstrap/node.js:283:19)
    at bootstrapNodeJSCore (internal/bootstrap/node.js:743:3)
2019-05-05T20:25:26.300Z [31merror[39m: uncaughtException: No hay puerto definido para el servidor.
Error: No hay puerto definido para el servidor.
    at Object.<anonymous> (c:\Users\Dachely\Desktop\Escuela\Proyecto\do-your-list\index.js:33:11)
    at Module._compile (internal/modules/cjs/loader.js:689:30)
    at Object.Module._extensions..js (internal/modules/cjs/loader.js:700:10)
    at Module.load (internal/modules/cjs/loader.js:599:32)
    at tryModuleLoad (internal/modules/cjs/loader.js:538:12)
    at Function.Module._load (internal/modules/cjs/loader.js:530:3)
    at Function.Module.runMain (internal/modules/cjs/loader.js:742:12)
    at startup (internal/bootstrap/node.js:283:19)
    at bootstrapNodeJSCore (internal/bootstrap/node.js:743:3)
2019-05-05T21:31:15.958Z [31merror[39m: uncaughtException: listen EADDRINUSE: address already in use :::3000
Error: listen EADDRINUSE: address already in use :::3000
    at Server.setupListenHandle [as _listen2] (net.js:1290:14)
    at listenInCluster (net.js:1338:12)
    at Server.listen (net.js:1425:7)
    at Function.listen (c:\Users\Dachely\Desktop\Escuela\Proyecto\do-your-list\node_modules\express\lib\application.js:618:24)
    at Object.<anonymous> (c:\Users\Dachely\Desktop\Escuela\Proyecto\do-your-list\index.js:48:20)
    at Module._compile (internal/modules/cjs/loader.js:689:30)
    at Object.Module._extensions..js (internal/modules/cjs/loader.js:700:10)
    at Module.load (internal/modules/cjs/loader.js:599:32)
    at tryModuleLoad (internal/modules/cjs/loader.js:538:12)
    at Function.Module._load (internal/modules/cjs/loader.js:530:3)
    at Function.Module.runMain (internal/modules/cjs/loader.js:742:12)
    at startup (internal/bootstrap/node.js:283:19)
    at bootstrapNodeJSCore (internal/bootstrap/node.js:743:3)
2019-05-07T01:53:19.228Z [31merror[39m: uncaughtException: listen EADDRINUSE :::3000
Error: listen EADDRINUSE :::3000
    at Server.setupListenHandle [as _listen2] (net.js:1334:14)
    at listenInCluster (net.js:1382:12)
    at Server.listen (net.js:1469:7)
    at Function.listen (/Users/josemariaaguinigadiaz/Desktop/Labo Desarrollo WEB/proyecto/node_modules/express/lib/application.js:618:24)
    at Object.<anonymous> (/Users/josemariaaguinigadiaz/Desktop/Labo Desarrollo WEB/proyecto/index.js:48:20)
    at Module._compile (internal/modules/cjs/loader.js:689:30)
    at Object.Module._extensions..js (internal/modules/cjs/loader.js:700:10)
    at Module.load (internal/modules/cjs/loader.js:599:32)
    at tryModuleLoad (internal/modules/cjs/loader.js:538:12)
    at Function.Module._load (internal/modules/cjs/loader.js:530:3)
    at Function.Module.runMain (internal/modules/cjs/loader.js:742:12)
    at startup (internal/bootstrap/node.js:266:19)
    at bootstrapNodeJSCore (internal/bootstrap/node.js:596:3)
2019-05-07T01:54:05.132Z [31merror[39m: uncaughtException: listen EADDRINUSE :::3000
Error: listen EADDRINUSE :::3000
    at Server.setupListenHandle [as _listen2] (net.js:1334:14)
    at listenInCluster (net.js:1382:12)
    at Server.listen (net.js:1469:7)
    at Function.listen (/Users/josemariaaguinigadiaz/Desktop/Labo Desarrollo WEB/proyecto/node_modules/express/lib/application.js:618:24)
    at Object.<anonymous> (/Users/josemariaaguinigadiaz/Desktop/Labo Desarrollo WEB/proyecto/index.js:48:20)
    at Module._compile (internal/modules/cjs/loader.js:689:30)
    at Object.Module._extensions..js (internal/modules/cjs/loader.js:700:10)
    at Module.load (internal/modules/cjs/loader.js:599:32)
    at tryModuleLoad (internal/modules/cjs/loader.js:538:12)
    at Function.Module._load (internal/modules/cjs/loader.js:530:3)
    at Function.Module.runMain (internal/modules/cjs/loader.js:742:12)
    at startup (internal/bootstrap/node.js:266:19)
    at bootstrapNodeJSCore (internal/bootstrap/node.js:596:3)
2019-05-07T01:54:46.821Z [31merror[39m: uncaughtException: listen EADDRINUSE :::3000
Error: listen EADDRINUSE :::3000
    at Server.setupListenHandle [as _listen2] (net.js:1334:14)
    at listenInCluster (net.js:1382:12)
    at Server.listen (net.js:1469:7)
    at Function.listen (/Users/josemariaaguinigadiaz/Desktop/Labo Desarrollo WEB/proyecto/node_modules/express/lib/application.js:618:24)
    at Object.<anonymous> (/Users/josemariaaguinigadiaz/Desktop/Labo Desarrollo WEB/proyecto/index.js:48:20)
    at Module._compile (internal/modules/cjs/loader.js:689:30)
    at Object.Module._extensions..js (internal/modules/cjs/loader.js:700:10)
    at Module.load (internal/modules/cjs/loader.js:599:32)
    at tryModuleLoad (internal/modules/cjs/loader.js:538:12)
    at Function.Module._load (internal/modules/cjs/loader.js:530:3)
    at Function.Module.runMain (internal/modules/cjs/loader.js:742:12)
    at startup (internal/bootstrap/node.js:266:19)
    at bootstrapNodeJSCore (internal/bootstrap/node.js:596:3)
2019-05-07T01:56:20.046Z [31merror[39m: uncaughtException: listen EADDRINUSE :::3000
Error: listen EADDRINUSE :::3000
    at Server.setupListenHandle [as _listen2] (net.js:1334:14)
    at listenInCluster (net.js:1382:12)
    at Server.listen (net.js:1469:7)
    at Function.listen (/Users/josemariaaguinigadiaz/Desktop/Labo Desarrollo WEB/proyecto/node_modules/express/lib/application.js:618:24)
    at Object.<anonymous> (/Users/josemariaaguinigadiaz/Desktop/Labo Desarrollo WEB/proyecto/index.js:48:20)
    at Module._compile (internal/modules/cjs/loader.js:689:30)
    at Object.Module._extensions..js (internal/modules/cjs/loader.js:700:10)
    at Module.load (internal/modules/cjs/loader.js:599:32)
    at tryModuleLoad (internal/modules/cjs/loader.js:538:12)
    at Function.Module._load (internal/modules/cjs/loader.js:530:3)
    at Function.Module.runMain (internal/modules/cjs/loader.js:742:12)
    at startup (internal/bootstrap/node.js:266:19)
    at bootstrapNodeJSCore (internal/bootstrap/node.js:596:3)
2019-05-07T01:59:31.432Z [31merror[39m: uncaughtException: listen EADDRINUSE :::3000
Error: listen EADDRINUSE :::3000
    at Server.setupListenHandle [as _listen2] (net.js:1334:14)
    at listenInCluster (net.js:1382:12)
    at Server.listen (net.js:1469:7)
    at Function.listen (/Users/josemariaaguinigadiaz/Desktop/Labo Desarrollo WEB/proyecto/node_modules/express/lib/application.js:618:24)
    at Object.<anonymous> (/Users/josemariaaguinigadiaz/Desktop/Labo Desarrollo WEB/proyecto/index.js:48:20)
    at Module._compile (internal/modules/cjs/loader.js:689:30)
    at Object.Module._extensions..js (internal/modules/cjs/loader.js:700:10)
    at Module.load (internal/modules/cjs/loader.js:599:32)
    at tryModuleLoad (internal/modules/cjs/loader.js:538:12)
    at Function.Module._load (internal/modules/cjs/loader.js:530:3)
    at Function.Module.runMain (internal/modules/cjs/loader.js:742:12)
    at startup (internal/bootstrap/node.js:266:19)
    at bootstrapNodeJSCore (internal/bootstrap/node.js:596:3)
2019-05-07T02:07:48.658Z [31merror[39m: uncaughtException: listen EADDRINUSE :::3000
Error: listen EADDRINUSE :::3000
    at Server.setupListenHandle [as _listen2] (net.js:1334:14)
    at listenInCluster (net.js:1382:12)
    at Server.listen (net.js:1469:7)
    at Function.listen (/Users/josemariaaguinigadiaz/Desktop/Labo Desarrollo WEB/proyecto/node_modules/express/lib/application.js:618:24)
    at Object.<anonymous> (/Users/josemariaaguinigadiaz/Desktop/Labo Desarrollo WEB/proyecto/index.js:48:20)
    at Module._compile (internal/modules/cjs/loader.js:689:30)
    at Object.Module._extensions..js (internal/modules/cjs/loader.js:700:10)
    at Module.load (internal/modules/cjs/loader.js:599:32)
    at tryModuleLoad (internal/modules/cjs/loader.js:538:12)
    at Function.Module._load (internal/modules/cjs/loader.js:530:3)
    at Function.Module.runMain (internal/modules/cjs/loader.js:742:12)
    at startup (internal/bootstrap/node.js:266:19)
    at bootstrapNodeJSCore (internal/bootstrap/node.js:596:3)
2019-05-07T02:10:13.236Z [31merror[39m: uncaughtException: listen EADDRINUSE :::3000
Error: listen EADDRINUSE :::3000
    at Server.setupListenHandle [as _listen2] (net.js:1334:14)
    at listenInCluster (net.js:1382:12)
    at Server.listen (net.js:1469:7)
    at Function.listen (/Users/josemariaaguinigadiaz/Desktop/Labo Desarrollo WEB/proyecto/node_modules/express/lib/application.js:618:24)
    at Object.<anonymous> (/Users/josemariaaguinigadiaz/Desktop/Labo Desarrollo WEB/proyecto/index.js:48:20)
    at Module._compile (internal/modules/cjs/loader.js:689:30)
    at Object.Module._extensions..js (internal/modules/cjs/loader.js:700:10)
    at Module.load (internal/modules/cjs/loader.js:599:32)
    at tryModuleLoad (internal/modules/cjs/loader.js:538:12)
    at Function.Module._load (internal/modules/cjs/loader.js:530:3)
    at Function.Module.runMain (internal/modules/cjs/loader.js:742:12)
    at startup (internal/bootstrap/node.js:266:19)
    at bootstrapNodeJSCore (internal/bootstrap/node.js:596:3)
